<?xml version="1.0" encoding="UTF-8"?>
<robot generator="Robot 6.1 (Python 3.11.3 on darwin)" generated="20230730 15:28:17.571" rpa="false" schemaversion="4">
<suite id="s1" name="Panelscout Robotframework" source="/Users/paula/Documents/GitHub/panelscout_robotframework">
<suite id="s1-s1" name="Test Addaplayer" source="/Users/paula/Documents/GitHub/panelscout_robotframework/test_addaplayer.robot">
<test id="s1-s1-t1" name="Add a player form without required age field" line="30">
<kw name="Open login page">
<kw name="Open Browser" library="SeleniumLibrary">
<arg>${LOGIN URL}</arg>
<arg>${BROWSER}</arg>
<doc>Opens a new browser instance to the optional ``url``.</doc>
<msg timestamp="20230730 15:28:18.124" level="INFO">Opening browser 'Chrome' to base url 'https://dareit.futbolkolektyw.pl/en/login'.</msg>
<status status="PASS" starttime="20230730 15:28:18.123" endtime="20230730 15:28:21.605"/>
</kw>
<kw name="Title Should Be" library="SeleniumLibrary">
<arg>Scouts panel - sign in</arg>
<doc>Verifies that the current page title equals ``title``.</doc>
<msg timestamp="20230730 15:28:21.628" level="INFO">Page title is 'Scouts panel - sign in'.</msg>
<status status="PASS" starttime="20230730 15:28:21.606" endtime="20230730 15:28:21.628"/>
</kw>
<status status="PASS" starttime="20230730 15:28:18.123" endtime="20230730 15:28:21.628"/>
</kw>
<kw name="Type in email">
<kw name="Input Text" library="SeleniumLibrary">
<arg>${EMAILINPUT}</arg>
<arg>user01@getnada.com</arg>
<doc>Types the given ``text`` into the text field identified by ``locator``.</doc>
<msg timestamp="20230730 15:28:21.631" level="INFO">Typing text 'user01@getnada.com' into text field 'xpath=//*[@id='login']'.</msg>
<status status="PASS" starttime="20230730 15:28:21.629" endtime="20230730 15:28:22.036"/>
</kw>
<status status="PASS" starttime="20230730 15:28:21.629" endtime="20230730 15:28:22.036"/>
</kw>
<kw name="Type in password">
<kw name="Input Text" library="SeleniumLibrary">
<arg>${PASSWORDINPUT}</arg>
<arg>Test-1234</arg>
<doc>Types the given ``text`` into the text field identified by ``locator``.</doc>
<msg timestamp="20230730 15:28:22.037" level="INFO">Typing text 'Test-1234' into text field 'xpath=//*[@id='password']'.</msg>
<status status="PASS" starttime="20230730 15:28:22.037" endtime="20230730 15:28:22.253"/>
</kw>
<status status="PASS" starttime="20230730 15:28:22.036" endtime="20230730 15:28:22.253"/>
</kw>
<kw name="Click on the submit button">
<kw name="Click Element" library="SeleniumLibrary">
<arg>xpath=//*[text()='Sign in']</arg>
<doc>Click the element identified by ``locator``.</doc>
<msg timestamp="20230730 15:28:22.255" level="INFO">Clicking element 'xpath=//*[text()='Sign in']'.</msg>
<status status="PASS" starttime="20230730 15:28:22.254" endtime="20230730 15:28:22.350"/>
</kw>
<status status="PASS" starttime="20230730 15:28:22.254" endtime="20230730 15:28:22.350"/>
</kw>
<kw name="Assert add a player form button">
<kw name="Wait Until Keyword Succeeds" library="BuiltIn">
<arg>1 min</arg>
<arg>1 sec</arg>
<arg>Wait Until Element Is Visible</arg>
<arg>${ADDPLAYERBUTTON}</arg>
<doc>Runs the specified keyword and retries if it fails.</doc>
<kw name="Wait Until Element Is Visible" library="SeleniumLibrary">
<arg>${ADDPLAYERBUTTON}</arg>
<doc>Waits until the element ``locator`` is visible.</doc>
<msg timestamp="20230730 15:28:27.687" level="INFO" html="true">&lt;/td&gt;&lt;/tr&gt;&lt;tr&gt;&lt;td colspan="3"&gt;&lt;a href="selenium-screenshot-3.png"&gt;&lt;img src="selenium-screenshot-3.png" width="800px"&gt;&lt;/a&gt;</msg>
<msg timestamp="20230730 15:28:27.687" level="FAIL">Element 'xpath=//*/div[2]/div/div/a/button' not visible after 5 seconds.</msg>
<status status="FAIL" starttime="20230730 15:28:22.353" endtime="20230730 15:28:27.692"/>
</kw>
<kw name="Wait Until Element Is Visible" library="SeleniumLibrary">
<arg>${ADDPLAYERBUTTON}</arg>
<doc>Waits until the element ``locator`` is visible.</doc>
<status status="PASS" starttime="20230730 15:28:28.694" endtime="20230730 15:28:28.740"/>
</kw>
<status status="PASS" starttime="20230730 15:28:22.351" endtime="20230730 15:28:28.740"/>
</kw>
<status status="PASS" starttime="20230730 15:28:22.351" endtime="20230730 15:28:28.740"/>
</kw>
<kw name="Click on add player button">
<kw name="Click Element" library="SeleniumLibrary">
<arg>xpath=//*/div[2]/div/div/a/button</arg>
<doc>Click the element identified by ``locator``.</doc>
<msg timestamp="20230730 15:28:28.741" level="INFO">Clicking element 'xpath=//*/div[2]/div/div/a/button'.</msg>
<status status="PASS" starttime="20230730 15:28:28.740" endtime="20230730 15:28:28.905"/>
</kw>
<status status="PASS" starttime="20230730 15:28:28.740" endtime="20230730 15:28:28.906"/>
</kw>
<kw name="Assert add a player form header">
<kw name="Wait Until Keyword Succeeds" library="BuiltIn">
<arg>1 min</arg>
<arg>1 sec</arg>
<arg>Wait Until Element Is Visible</arg>
<arg>${ADDPLAYERFORMHEADER}</arg>
<doc>Runs the specified keyword and retries if it fails.</doc>
<kw name="Wait Until Element Is Visible" library="SeleniumLibrary">
<arg>${ADDPLAYERFORMHEADER}</arg>
<doc>Waits until the element ``locator`` is visible.</doc>
<status status="PASS" starttime="20230730 15:28:28.908" endtime="20230730 15:28:28.985"/>
</kw>
<status status="PASS" starttime="20230730 15:28:28.907" endtime="20230730 15:28:28.985"/>
</kw>
<status status="PASS" starttime="20230730 15:28:28.906" endtime="20230730 15:28:28.985"/>
</kw>
<kw name="Type in player's email">
<kw name="Input Text" library="SeleniumLibrary">
<arg>${PLAYERSEMAIL}</arg>
<arg>user01@getnada.com</arg>
<doc>Types the given ``text`` into the text field identified by ``locator``.</doc>
<msg timestamp="20230730 15:28:28.987" level="INFO">Typing text 'user01@getnada.com' into text field 'xpath=//div[1]/div/div/input'.</msg>
<status status="PASS" starttime="20230730 15:28:28.986" endtime="20230730 15:28:29.229"/>
</kw>
<status status="PASS" starttime="20230730 15:28:28.985" endtime="20230730 15:28:29.229"/>
</kw>
<kw name="Type in player's name">
<kw name="Input Text" library="SeleniumLibrary">
<arg>${PLAYERSNAME}</arg>
<arg>Jan</arg>
<doc>Types the given ``text`` into the text field identified by ``locator``.</doc>
<msg timestamp="20230730 15:28:29.231" level="INFO">Typing text 'Jan' into text field 'xpath=//div[2]/div/div/input'.</msg>
<status status="PASS" starttime="20230730 15:28:29.230" endtime="20230730 15:28:29.405"/>
</kw>
<status status="PASS" starttime="20230730 15:28:29.230" endtime="20230730 15:28:29.405"/>
</kw>
<kw name="Type in player's surname">
<kw name="Input Text" library="SeleniumLibrary">
<arg>${PLAYERSSURNAME}</arg>
<arg>Nowak</arg>
<doc>Types the given ``text`` into the text field identified by ``locator``.</doc>
<msg timestamp="20230730 15:28:29.406" level="INFO">Typing text 'Nowak' into text field 'xpath=//div[3]/div/div/input'.</msg>
<status status="PASS" starttime="20230730 15:28:29.406" endtime="20230730 15:28:29.605"/>
</kw>
<status status="PASS" starttime="20230730 15:28:29.405" endtime="20230730 15:28:29.605"/>
</kw>
<kw name="Type in player's phone">
<kw name="Input Text" library="SeleniumLibrary">
<arg>${PLAYERSPHONE}</arg>
<arg>123456789</arg>
<doc>Types the given ``text`` into the text field identified by ``locator``.</doc>
<msg timestamp="20230730 15:28:29.606" level="INFO">Typing text '123456789' into text field 'xpath=//div[4]/div/div/input'.</msg>
<status status="PASS" starttime="20230730 15:28:29.606" endtime="20230730 15:28:29.790"/>
</kw>
<status status="PASS" starttime="20230730 15:28:29.605" endtime="20230730 15:28:29.791"/>
</kw>
<kw name="Type in player's weight">
<kw name="Input Text" library="SeleniumLibrary">
<arg>${PLAYERSWEIGHT}</arg>
<arg>100</arg>
<doc>Types the given ``text`` into the text field identified by ``locator``.</doc>
<msg timestamp="20230730 15:28:29.793" level="INFO">Typing text '100' into text field 'xpath=//div[5]/div/div/input'.</msg>
<status status="PASS" starttime="20230730 15:28:29.792" endtime="20230730 15:28:29.939"/>
</kw>
<status status="PASS" starttime="20230730 15:28:29.791" endtime="20230730 15:28:29.939"/>
</kw>
<kw name="Type in player's height">
<kw name="Input Text" library="SeleniumLibrary">
<arg>${PLAYERSHEIGHT}</arg>
<arg>190</arg>
<doc>Types the given ``text`` into the text field identified by ``locator``.</doc>
<msg timestamp="20230730 15:28:29.940" level="INFO">Typing text '190' into text field 'xpath=//div[6]/div/div/input'.</msg>
<status status="PASS" starttime="20230730 15:28:29.940" endtime="20230730 15:28:30.091"/>
</kw>
<status status="PASS" starttime="20230730 15:28:29.939" endtime="20230730 15:28:30.091"/>
</kw>
<kw name="Type in player's club">
<kw name="Input Text" library="SeleniumLibrary">
<arg>${PLAYERSCLUB}</arg>
<arg>Culture Club</arg>
<doc>Types the given ``text`` into the text field identified by ``locator``.</doc>
<msg timestamp="20230730 15:28:30.093" level="INFO">Typing text 'Culture Club' into text field 'xpath=//div[9]/div/div/input'.</msg>
<status status="PASS" starttime="20230730 15:28:30.092" endtime="20230730 15:28:30.325"/>
</kw>
<status status="PASS" starttime="20230730 15:28:30.091" endtime="20230730 15:28:30.325"/>
</kw>
<kw name="Type in player's level">
<kw name="Input Text" library="SeleniumLibrary">
<arg>${PLAYERSLEVEL}</arg>
<arg>high</arg>
<doc>Types the given ``text`` into the text field identified by ``locator``.</doc>
<msg timestamp="20230730 15:28:30.335" level="INFO">Typing text 'high' into text field 'xpath=//div[10]/div/div/input'.</msg>
<status status="PASS" starttime="20230730 15:28:30.334" endtime="20230730 15:28:30.487"/>
</kw>
<status status="PASS" starttime="20230730 15:28:30.326" endtime="20230730 15:28:30.487"/>
</kw>
<kw name="Type in player's main position">
<kw name="Input Text" library="SeleniumLibrary">
<arg>${PLAYERSMAINPOSITION}</arg>
<arg>shooter</arg>
<doc>Types the given ``text`` into the text field identified by ``locator``.</doc>
<msg timestamp="20230730 15:28:30.488" level="INFO">Typing text 'shooter' into text field 'xpath=//div[11]/div/div/input'.</msg>
<status status="PASS" starttime="20230730 15:28:30.487" endtime="20230730 15:28:30.673"/>
</kw>
<status status="PASS" starttime="20230730 15:28:30.487" endtime="20230730 15:28:30.673"/>
</kw>
<kw name="Type in player's second position">
<kw name="Input Text" library="SeleniumLibrary">
<arg>${PLAYERSSECONDPOSITION}</arg>
<arg>none</arg>
<doc>Types the given ``text`` into the text field identified by ``locator``.</doc>
<msg timestamp="20230730 15:28:30.674" level="INFO">Typing text 'none' into text field 'xpath=//div[12]/div/div/input'.</msg>
<status status="PASS" starttime="20230730 15:28:30.673" endtime="20230730 15:28:30.854"/>
</kw>
<status status="PASS" starttime="20230730 15:28:30.673" endtime="20230730 15:28:30.854"/>
</kw>
<kw name="Type in player's achievements">
<kw name="Input Text" library="SeleniumLibrary">
<arg>${PLAYERSACHIEVEMENTS}</arg>
<arg>yes</arg>
<doc>Types the given ``text`` into the text field identified by ``locator``.</doc>
<msg timestamp="20230730 15:28:30.856" level="INFO">Typing text 'yes' into text field 'xpath=//div[14]/div/div/input'.</msg>
<status status="PASS" starttime="20230730 15:28:30.855" endtime="20230730 15:28:31.002"/>
</kw>
<status status="PASS" starttime="20230730 15:28:30.855" endtime="20230730 15:28:31.002"/>
</kw>
<kw name="Click on submit player button">
<kw name="Click Element" library="SeleniumLibrary">
<arg>xpath=//*/div[3]/button[1]</arg>
<doc>Click the element identified by ``locator``.</doc>
<msg timestamp="20230730 15:28:31.003" level="INFO">Clicking element 'xpath=//*/div[3]/button[1]'.</msg>
<status status="PASS" starttime="20230730 15:28:31.002" endtime="20230730 15:28:31.115"/>
</kw>
<status status="PASS" starttime="20230730 15:28:31.002" endtime="20230730 15:28:31.115"/>
</kw>
<kw name="Click on age field">
<kw name="Click Element" library="SeleniumLibrary">
<arg>xpath=//div[7]/div/div/input</arg>
<doc>Click the element identified by ``locator``.</doc>
<msg timestamp="20230730 15:28:31.117" level="INFO">Clicking element 'xpath=//div[7]/div/div/input'.</msg>
<status status="PASS" starttime="20230730 15:28:31.116" endtime="20230730 15:28:31.206"/>
</kw>
<status status="PASS" starttime="20230730 15:28:31.116" endtime="20230730 15:28:31.206"/>
</kw>
<kw name="Click on submit player button">
<kw name="Click Element" library="SeleniumLibrary">
<arg>xpath=//*/div[3]/button[1]</arg>
<doc>Click the element identified by ``locator``.</doc>
<msg timestamp="20230730 15:28:31.207" level="INFO">Clicking element 'xpath=//*/div[3]/button[1]'.</msg>
<status status="PASS" starttime="20230730 15:28:31.207" endtime="20230730 15:28:31.276"/>
</kw>
<status status="PASS" starttime="20230730 15:28:31.206" endtime="20230730 15:28:31.276"/>
</kw>
<kw name="Assert required age info">
<kw name="Wait Until Keyword Succeeds" library="BuiltIn">
<arg>1 min</arg>
<arg>1 sec</arg>
<arg>Wait Until Element Is Visible</arg>
<arg>${REQUIREDAGEINFO}</arg>
<doc>Runs the specified keyword and retries if it fails.</doc>
<kw name="Wait Until Element Is Visible" library="SeleniumLibrary">
<arg>${REQUIREDAGEINFO}</arg>
<doc>Waits until the element ``locator`` is visible.</doc>
<status status="PASS" starttime="20230730 15:28:31.278" endtime="20230730 15:28:31.308"/>
</kw>
<status status="PASS" starttime="20230730 15:28:31.277" endtime="20230730 15:28:31.308"/>
</kw>
<status status="PASS" starttime="20230730 15:28:31.276" endtime="20230730 15:28:31.309"/>
</kw>
<kw name="Close Browser" library="SeleniumLibrary" type="TEARDOWN">
<doc>Closes the current browser.</doc>
<status status="PASS" starttime="20230730 15:28:31.309" endtime="20230730 15:28:31.476"/>
</kw>
<status status="PASS" starttime="20230730 15:28:18.122" endtime="20230730 15:28:31.477"/>
</test>
<test id="s1-s1-t2" name="Clear Add a player form" line="55">
<kw name="Open login page">
<kw name="Open Browser" library="SeleniumLibrary">
<arg>${LOGIN URL}</arg>
<arg>${BROWSER}</arg>
<doc>Opens a new browser instance to the optional ``url``.</doc>
<msg timestamp="20230730 15:28:31.485" level="INFO">Opening browser 'Chrome' to base url 'https://dareit.futbolkolektyw.pl/en/login'.</msg>
<status status="PASS" starttime="20230730 15:28:31.483" endtime="20230730 15:28:34.801"/>
</kw>
<kw name="Title Should Be" library="SeleniumLibrary">
<arg>Scouts panel - sign in</arg>
<doc>Verifies that the current page title equals ``title``.</doc>
<msg timestamp="20230730 15:28:34.813" level="INFO">Page title is 'Scouts panel - sign in'.</msg>
<status status="PASS" starttime="20230730 15:28:34.802" endtime="20230730 15:28:34.813"/>
</kw>
<status status="PASS" starttime="20230730 15:28:31.481" endtime="20230730 15:28:34.813"/>
</kw>
<kw name="Type in email">
<kw name="Input Text" library="SeleniumLibrary">
<arg>${EMAILINPUT}</arg>
<arg>user01@getnada.com</arg>
<doc>Types the given ``text`` into the text field identified by ``locator``.</doc>
<msg timestamp="20230730 15:28:34.815" level="INFO">Typing text 'user01@getnada.com' into text field 'xpath=//*[@id='login']'.</msg>
<status status="PASS" starttime="20230730 15:28:34.814" endtime="20230730 15:28:35.134"/>
</kw>
<status status="PASS" starttime="20230730 15:28:34.813" endtime="20230730 15:28:35.134"/>
</kw>
<kw name="Type in password">
<kw name="Input Text" library="SeleniumLibrary">
<arg>${PASSWORDINPUT}</arg>
<arg>Test-1234</arg>
<doc>Types the given ``text`` into the text field identified by ``locator``.</doc>
<msg timestamp="20230730 15:28:35.135" level="INFO">Typing text 'Test-1234' into text field 'xpath=//*[@id='password']'.</msg>
<status status="PASS" starttime="20230730 15:28:35.134" endtime="20230730 15:28:35.302"/>
</kw>
<status status="PASS" starttime="20230730 15:28:35.134" endtime="20230730 15:28:35.302"/>
</kw>
<kw name="Click on the submit button">
<kw name="Click Element" library="SeleniumLibrary">
<arg>xpath=//*[text()='Sign in']</arg>
<doc>Click the element identified by ``locator``.</doc>
<msg timestamp="20230730 15:28:35.303" level="INFO">Clicking element 'xpath=//*[text()='Sign in']'.</msg>
<status status="PASS" starttime="20230730 15:28:35.303" endtime="20230730 15:28:35.392"/>
</kw>
<status status="PASS" starttime="20230730 15:28:35.302" endtime="20230730 15:28:35.392"/>
</kw>
<kw name="Assert add a player form button">
<kw name="Wait Until Keyword Succeeds" library="BuiltIn">
<arg>1 min</arg>
<arg>1 sec</arg>
<arg>Wait Until Element Is Visible</arg>
<arg>${ADDPLAYERBUTTON}</arg>
<doc>Runs the specified keyword and retries if it fails.</doc>
<kw name="Wait Until Element Is Visible" library="SeleniumLibrary">
<arg>${ADDPLAYERBUTTON}</arg>
<doc>Waits until the element ``locator`` is visible.</doc>
<msg timestamp="20230730 15:28:40.646" level="INFO" html="true">&lt;/td&gt;&lt;/tr&gt;&lt;tr&gt;&lt;td colspan="3"&gt;&lt;a href="selenium-screenshot-4.png"&gt;&lt;img src="selenium-screenshot-4.png" width="800px"&gt;&lt;/a&gt;</msg>
<msg timestamp="20230730 15:28:40.646" level="FAIL">Element 'xpath=//*/div[2]/div/div/a/button' not visible after 5 seconds.</msg>
<status status="FAIL" starttime="20230730 15:28:35.397" endtime="20230730 15:28:40.647"/>
</kw>
<kw name="Wait Until Element Is Visible" library="SeleniumLibrary">
<arg>${ADDPLAYERBUTTON}</arg>
<doc>Waits until the element ``locator`` is visible.</doc>
<status status="PASS" starttime="20230730 15:28:41.648" endtime="20230730 15:28:41.686"/>
</kw>
<status status="PASS" starttime="20230730 15:28:35.396" endtime="20230730 15:28:41.686"/>
</kw>
<status status="PASS" starttime="20230730 15:28:35.396" endtime="20230730 15:28:41.686"/>
</kw>
<kw name="Click on add player button">
<kw name="Click Element" library="SeleniumLibrary">
<arg>xpath=//*/div[2]/div/div/a/button</arg>
<doc>Click the element identified by ``locator``.</doc>
<msg timestamp="20230730 15:28:41.687" level="INFO">Clicking element 'xpath=//*/div[2]/div/div/a/button'.</msg>
<status status="PASS" starttime="20230730 15:28:41.686" endtime="20230730 15:28:41.881"/>
</kw>
<status status="PASS" starttime="20230730 15:28:41.686" endtime="20230730 15:28:41.881"/>
</kw>
<kw name="Assert add a player form header">
<kw name="Wait Until Keyword Succeeds" library="BuiltIn">
<arg>1 min</arg>
<arg>1 sec</arg>
<arg>Wait Until Element Is Visible</arg>
<arg>${ADDPLAYERFORMHEADER}</arg>
<doc>Runs the specified keyword and retries if it fails.</doc>
<kw name="Wait Until Element Is Visible" library="SeleniumLibrary">
<arg>${ADDPLAYERFORMHEADER}</arg>
<doc>Waits until the element ``locator`` is visible.</doc>
<status status="PASS" starttime="20230730 15:28:41.882" endtime="20230730 15:28:41.950"/>
</kw>
<status status="PASS" starttime="20230730 15:28:41.882" endtime="20230730 15:28:41.950"/>
</kw>
<status status="PASS" starttime="20230730 15:28:41.881" endtime="20230730 15:28:41.950"/>
</kw>
<kw name="Type in player's email">
<kw name="Input Text" library="SeleniumLibrary">
<arg>${PLAYERSEMAIL}</arg>
<arg>user01@getnada.com</arg>
<doc>Types the given ``text`` into the text field identified by ``locator``.</doc>
<msg timestamp="20230730 15:28:41.951" level="INFO">Typing text 'user01@getnada.com' into text field 'xpath=//div[1]/div/div/input'.</msg>
<status status="PASS" starttime="20230730 15:28:41.951" endtime="20230730 15:28:42.190"/>
</kw>
<status status="PASS" starttime="20230730 15:28:41.950" endtime="20230730 15:28:42.190"/>
</kw>
<kw name="Type in player's name">
<kw name="Input Text" library="SeleniumLibrary">
<arg>${PLAYERSNAME}</arg>
<arg>Jan</arg>
<doc>Types the given ``text`` into the text field identified by ``locator``.</doc>
<msg timestamp="20230730 15:28:42.191" level="INFO">Typing text 'Jan' into text field 'xpath=//div[2]/div/div/input'.</msg>
<status status="PASS" starttime="20230730 15:28:42.191" endtime="20230730 15:28:42.371"/>
</kw>
<status status="PASS" starttime="20230730 15:28:42.190" endtime="20230730 15:28:42.371"/>
</kw>
<kw name="Type in player's surname">
<kw name="Input Text" library="SeleniumLibrary">
<arg>${PLAYERSSURNAME}</arg>
<arg>Nowak</arg>
<doc>Types the given ``text`` into the text field identified by ``locator``.</doc>
<msg timestamp="20230730 15:28:42.373" level="INFO">Typing text 'Nowak' into text field 'xpath=//div[3]/div/div/input'.</msg>
<status status="PASS" starttime="20230730 15:28:42.372" endtime="20230730 15:28:42.542"/>
</kw>
<status status="PASS" starttime="20230730 15:28:42.372" endtime="20230730 15:28:42.542"/>
</kw>
<kw name="Type in player's phone">
<kw name="Input Text" library="SeleniumLibrary">
<arg>${PLAYERSPHONE}</arg>
<arg>123456789</arg>
<doc>Types the given ``text`` into the text field identified by ``locator``.</doc>
<msg timestamp="20230730 15:28:42.549" level="INFO">Typing text '123456789' into text field 'xpath=//div[4]/div/div/input'.</msg>
<status status="PASS" starttime="20230730 15:28:42.548" endtime="20230730 15:28:42.735"/>
</kw>
<status status="PASS" starttime="20230730 15:28:42.547" endtime="20230730 15:28:42.735"/>
</kw>
<kw name="Type in player's weight">
<kw name="Input Text" library="SeleniumLibrary">
<arg>${PLAYERSWEIGHT}</arg>
<arg>100</arg>
<doc>Types the given ``text`` into the text field identified by ``locator``.</doc>
<msg timestamp="20230730 15:28:42.736" level="INFO">Typing text '100' into text field 'xpath=//div[5]/div/div/input'.</msg>
<status status="PASS" starttime="20230730 15:28:42.736" endtime="20230730 15:28:42.889"/>
</kw>
<status status="PASS" starttime="20230730 15:28:42.735" endtime="20230730 15:28:42.889"/>
</kw>
<kw name="Type in player's height">
<kw name="Input Text" library="SeleniumLibrary">
<arg>${PLAYERSHEIGHT}</arg>
<arg>190</arg>
<doc>Types the given ``text`` into the text field identified by ``locator``.</doc>
<msg timestamp="20230730 15:28:42.891" level="INFO">Typing text '190' into text field 'xpath=//div[6]/div/div/input'.</msg>
<status status="PASS" starttime="20230730 15:28:42.890" endtime="20230730 15:28:43.035"/>
</kw>
<status status="PASS" starttime="20230730 15:28:42.890" endtime="20230730 15:28:43.035"/>
</kw>
<kw name="Type in player's club">
<kw name="Input Text" library="SeleniumLibrary">
<arg>${PLAYERSCLUB}</arg>
<arg>Culture Club</arg>
<doc>Types the given ``text`` into the text field identified by ``locator``.</doc>
<msg timestamp="20230730 15:28:43.036" level="INFO">Typing text 'Culture Club' into text field 'xpath=//div[9]/div/div/input'.</msg>
<status status="PASS" starttime="20230730 15:28:43.035" endtime="20230730 15:28:43.234"/>
</kw>
<status status="PASS" starttime="20230730 15:28:43.035" endtime="20230730 15:28:43.234"/>
</kw>
<kw name="Type in player's level">
<kw name="Input Text" library="SeleniumLibrary">
<arg>${PLAYERSLEVEL}</arg>
<arg>high</arg>
<doc>Types the given ``text`` into the text field identified by ``locator``.</doc>
<msg timestamp="20230730 15:28:43.236" level="INFO">Typing text 'high' into text field 'xpath=//div[10]/div/div/input'.</msg>
<status status="PASS" starttime="20230730 15:28:43.235" endtime="20230730 15:28:43.403"/>
</kw>
<status status="PASS" starttime="20230730 15:28:43.235" endtime="20230730 15:28:43.403"/>
</kw>
<kw name="Type in player's main position">
<kw name="Input Text" library="SeleniumLibrary">
<arg>${PLAYERSMAINPOSITION}</arg>
<arg>shooter</arg>
<doc>Types the given ``text`` into the text field identified by ``locator``.</doc>
<msg timestamp="20230730 15:28:43.404" level="INFO">Typing text 'shooter' into text field 'xpath=//div[11]/div/div/input'.</msg>
<status status="PASS" starttime="20230730 15:28:43.403" endtime="20230730 15:28:43.602"/>
</kw>
<status status="PASS" starttime="20230730 15:28:43.403" endtime="20230730 15:28:43.602"/>
</kw>
<kw name="Type in player's second position">
<kw name="Input Text" library="SeleniumLibrary">
<arg>${PLAYERSSECONDPOSITION}</arg>
<arg>none</arg>
<doc>Types the given ``text`` into the text field identified by ``locator``.</doc>
<msg timestamp="20230730 15:28:43.603" level="INFO">Typing text 'none' into text field 'xpath=//div[12]/div/div/input'.</msg>
<status status="PASS" starttime="20230730 15:28:43.603" endtime="20230730 15:28:43.784"/>
</kw>
<status status="PASS" starttime="20230730 15:28:43.602" endtime="20230730 15:28:43.784"/>
</kw>
<kw name="Type in player's achievements">
<kw name="Input Text" library="SeleniumLibrary">
<arg>${PLAYERSACHIEVEMENTS}</arg>
<arg>yes</arg>
<doc>Types the given ``text`` into the text field identified by ``locator``.</doc>
<msg timestamp="20230730 15:28:43.785" level="INFO">Typing text 'yes' into text field 'xpath=//div[14]/div/div/input'.</msg>
<status status="PASS" starttime="20230730 15:28:43.785" endtime="20230730 15:28:43.923"/>
</kw>
<status status="PASS" starttime="20230730 15:28:43.785" endtime="20230730 15:28:43.923"/>
</kw>
<kw name="Click on clear button">
<kw name="Click Element" library="SeleniumLibrary">
<arg>xpath=//*/div[3]/button[2]</arg>
<doc>Click the element identified by ``locator``.</doc>
<msg timestamp="20230730 15:28:43.924" level="INFO">Clicking element 'xpath=//*/div[3]/button[2]'.</msg>
<status status="PASS" starttime="20230730 15:28:43.923" endtime="20230730 15:28:44.036"/>
</kw>
<status status="PASS" starttime="20230730 15:28:43.923" endtime="20230730 15:28:44.036"/>
</kw>
<kw name="Assert form is cleared">
<kw name="Wait Until Element Does Not Contain" library="SeleniumLibrary">
<arg>${PLAYERSNAME}</arg>
<arg>Jan</arg>
<doc>Waits until the element ``locator`` does not contain ``text``.</doc>
<status status="PASS" starttime="20230730 15:28:44.037" endtime="20230730 15:28:44.102"/>
</kw>
<status status="PASS" starttime="20230730 15:28:44.036" endtime="20230730 15:28:44.103"/>
</kw>
<kw name="Close Browser" library="SeleniumLibrary" type="TEARDOWN">
<doc>Closes the current browser.</doc>
<status status="PASS" starttime="20230730 15:28:44.103" endtime="20230730 15:28:44.299"/>
</kw>
<status status="PASS" starttime="20230730 15:28:31.480" endtime="20230730 15:28:44.299"/>
</test>
<doc>Suite description #automated tests for scout website</doc>
<status status="PASS" starttime="20230730 15:28:17.615" endtime="20230730 15:28:44.303"/>
</suite>
<status status="PASS" starttime="20230730 15:28:17.576" endtime="20230730 15:28:44.312"/>
</suite>
<statistics>
<total>
<stat pass="2" fail="0" skip="0">All Tests</stat>
</total>
<tag>
</tag>
<suite>
<stat pass="2" fail="0" skip="0" id="s1" name="Panelscout Robotframework">Panelscout Robotframework</stat>
<stat pass="2" fail="0" skip="0" id="s1-s1" name="Test Addaplayer">Panelscout Robotframework.Test Addaplayer</stat>
</suite>
</statistics>
<errors>
</errors>
</robot>
